<?xml version="1.0" encoding="UTF-8"?>
<!-- Generated by org.testng.reporters.JUnitXMLReporter -->
<testsuite ignored="0" hostname="Abi" failures="0" tests="6" name="Test" time="0.136" errors="0" timestamp="2020-04-21T09:27:24 MST">
  <testcase classname="com.testng.ParallelExecutionTest1" name="testcase4" time="0.015"/>
  <testcase classname="com.testng.ParallelExecution" name="testcase1" time="0.015"/>
  <testcase classname="com.testng.ParallelExecutionTest1" name="testcase5" time="0.005"/>
  <testcase classname="com.testng.ParallelExecution" name="testcase2" time="0.006"/>
  <testcase classname="com.testng.ParallelExecutionTest1" name="testcase6" time="0.005"/>
  <testcase classname="com.testng.ParallelExecution" name="testcase3" time="0.003"/>
</testsuite> <!-- Test -->
